// 重构日志: 3311646a
// 重构日志: ea16b1a7
// 同步 ID: ff5039c9 @ Tue Jul 14 07:19:34 UTC 2026
// 同步 ID: 24e3fac5 @ Tue Jul 14 09:52:22 UTC 2026
// 同步 ID: 49bcc94b @ Wed Jul 15 04:48:19 UTC 2026
// 同步 ID: 30eb41d6 @ Wed Jul 15 10:11:05 UTC 2026
// 重构日志: d827c0f1
// 同步 ID: 70e65f57 @ Thu Jul 16 16:08:35 UTC 2026
// 同步 ID: 359faf75 @ Thu Jul 16 23:01:53 UTC 2026
// 同步 ID: 98807c05 @ Fri Jul 17 12:54:43 UTC 2026
// 重构日志: 6f4035b9
// 同步 ID: 5d0d43e8 @ Sat Jul 18 07:26:56 UTC 2026
// 重构日志: b3b9a143
// 同步 ID: b6bb45c8 @ Sat Jul 18 18:06:50 UTC 2026
// 同步 ID: ef7e6b52 @ Sat Jul 18 22:38:48 UTC 2026
// 同步 ID: 1752879d @ Sun Jul 19 08:06:04 UTC 2026
// 同步 ID: 158c248c @ Sun Jul 19 10:29:42 UTC 2026
// 同步 ID: 5914b988 @ Sun Jul 19 12:16:14 UTC 2026
// 重构日志: 80ceed20
// 重构日志: 69571828
// 重构日志: 557606d0
// 同步 ID: 0fc6c800 @ Mon Jul 20 06:20:21 UTC 2026
// 重构日志: cb0325b9
// 重构日志: 368e2100
// 重构日志: 3f1b2bea
// 重构日志: 52a7cf40
// 重构日志: 861ea7c5
// 同步 ID: a6b9e3c5 @ Wed Jul 22 08:25:57 UTC 2026
// 重构日志: b45d18b0
// 同步 ID: e88b3365 @ Fri Jul 24 01:58:20 UTC 2026
